# JRE version: OpenJDK Runtime Environment (8.0_121-b13) (build 1.8.0_121-8u121-b13-0ubuntu1.16.04.2-b13)
# Java VM: OpenJDK 64-Bit Server VM (25.121-b13 mixed mode linux-amd64 compressed oops)
Heap:
 PSYoungGen      total 259584K, used 6436K [0x00000000d7f80000, 0x00000000e8680000, 0x0000000100000000)
  eden space 249856K, 0% used [0x00000000d7f80000,0x00000000d7f80000,0x00000000e7380000)
  from space 9728K, 66% used [0x00000000e7380000,0x00000000e79c9278,0x00000000e7d00000)
  to   space 9728K, 0% used [0x00000000e7d00000,0x00000000e7d00000,0x00000000e8680000)
 ParOldGen       total 83456K, used 14475K [0x0000000087e00000, 0x000000008cf80000, 0x00000000d7f80000)
  object space 83456K, 17% used [0x0000000087e00000,0x0000000088c22c78,0x000000008cf80000)
 Metaspace       used 14879K, capacity 15424K, committed 15744K, reserved 1062912K
  class space    used 1731K, capacity 1883K, committed 1920K, reserved 1048576K
GC Heap History (10 events):
Event: 3.699 GC heap after
Heap after GC invocations=4 (full 0):
 PSYoungGen      total 67584K, used 5093K [0x00000000d7f80000, 0x00000000dc680000, 0x0000000100000000)
  eden space 62464K, 0% used [0x00000000d7f80000,0x00000000d7f80000,0x00000000dbc80000)
  from space 5120K, 99% used [0x00000000dc180000,0x00000000dc679638,0x00000000dc680000)
  to   space 5120K, 0% used [0x00000000dbc80000,0x00000000dbc80000,0x00000000dc180000)
 ParOldGen       total 83456K, used 7655K [0x0000000087e00000, 0x000000008cf80000, 0x00000000d7f80000)
  object space 83456K, 9% used [0x0000000087e00000,0x0000000088579db8,0x000000008cf80000)
 Metaspace       used 14869K, capacity 15424K, committed 15744K, reserved 1062912K
  class space    used 1731K, capacity 1883K, committed 1920K, reserved 1048576K
}
Event: 4.214 GC heap before
{Heap before GC invocations=5 (full 0):
 PSYoungGen      total 67584K, used 67557K [0x00000000d7f80000, 0x00000000dc680000, 0x0000000100000000)
  eden space 62464K, 100% used [0x00000000d7f80000,0x00000000dbc80000,0x00000000dbc80000)
  from space 5120K, 99% used [0x00000000dc180000,0x00000000dc679638,0x00000000dc680000)
  to   space 5120K, 0% used [0x00000000dbc80000,0x00000000dbc80000,0x00000000dc180000)
 ParOldGen       total 83456K, used 7655K [0x0000000087e00000, 0x000000008cf80000, 0x00000000d7f80000)
  object space 83456K, 9% used [0x0000000087e00000,0x0000000088579db8,0x000000008cf80000)
 Metaspace       used 14879K, capacity 15424K, committed 15744K, reserved 1062912K
  class space    used 1731K, capacity 1883K, committed 1920K, reserved 1048576K
Event: 4.224 GC heap after
Heap after GC invocations=5 (full 0):
 PSYoungGen      total 67584K, used 5093K [0x00000000d7f80000, 0x00000000e0c80000, 0x0000000100000000)
  eden space 62464K, 0% used [0x00000000d7f80000,0x00000000d7f80000,0x00000000dbc80000)
  from space 5120K, 99% used [0x00000000dbc80000,0x00000000dc179618,0x00000000dc180000)
  to   space 9728K, 0% used [0x00000000e0300000,0x00000000e0300000,0x00000000e0c80000)
 ParOldGen       total 83456K, used 8551K [0x0000000087e00000, 0x000000008cf80000, 0x00000000d7f80000)
  object space 83456K, 10% used [0x0000000087e00000,0x0000000088659db8,0x000000008cf80000)
 Metaspace       used 14879K, capacity 15424K, committed 15744K, reserved 1062912K
  class space    used 1731K, capacity 1883K, committed 1920K, reserved 1048576K
}
Event: 4.629 GC heap before
{Heap before GC invocations=6 (full 0):
 PSYoungGen      total 67584K, used 67557K [0x00000000d7f80000, 0x00000000e0c80000, 0x0000000100000000)
  eden space 62464K, 100% used [0x00000000d7f80000,0x00000000dbc80000,0x00000000dbc80000)
  from space 5120K, 99% used [0x00000000dbc80000,0x00000000dc179618,0x00000000dc180000)
  to   space 9728K, 0% used [0x00000000e0300000,0x00000000e0300000,0x00000000e0c80000)
 ParOldGen       total 83456K, used 8551K [0x0000000087e00000, 0x000000008cf80000, 0x00000000d7f80000)
  object space 83456K, 10% used [0x0000000087e00000,0x0000000088659db8,0x000000008cf80000)
 Metaspace       used 14879K, capacity 15424K, committed 15744K, reserved 1062912K
  class space    used 1731K, capacity 1883K, committed 1920K, reserved 1048576K
Event: 4.640 GC heap after
Heap after GC invocations=6 (full 0):
 PSYoungGen      total 134656K, used 5973K [0x00000000d7f80000, 0x00000000e0c80000, 0x0000000100000000)
  eden space 124928K, 0% used [0x00000000d7f80000,0x00000000d7f80000,0x00000000df980000)
  from space 9728K, 61% used [0x00000000e0300000,0x00000000e08d5628,0x00000000e0c80000)
  to   space 9728K, 0% used [0x00000000df980000,0x00000000df980000,0x00000000e0300000)
 ParOldGen       total 83456K, used 8551K [0x0000000087e00000, 0x000000008cf80000, 0x00000000d7f80000)
  object space 83456K, 10% used [0x0000000087e00000,0x0000000088659db8,0x000000008cf80000)
 Metaspace       used 14879K, capacity 15424K, committed 15744K, reserved 1062912K
  class space    used 1731K, capacity 1883K, committed 1920K, reserved 1048576K
}
Event: 5.349 GC heap before
{Heap before GC invocations=7 (full 0):
 PSYoungGen      total 134656K, used 130901K [0x00000000d7f80000, 0x00000000e0c80000, 0x0000000100000000)
  eden space 124928K, 100% used [0x00000000d7f80000,0x00000000df980000,0x00000000df980000)
  from space 9728K, 61% used [0x00000000e0300000,0x00000000e08d5628,0x00000000e0c80000)
  to   space 9728K, 0% used [0x00000000df980000,0x00000000df980000,0x00000000e0300000)
 ParOldGen       total 83456K, used 8551K [0x0000000087e00000, 0x000000008cf80000, 0x00000000d7f80000)
  object space 83456K, 10% used [0x0000000087e00000,0x0000000088659db8,0x000000008cf80000)
 Metaspace       used 14879K, capacity 15424K, committed 15744K, reserved 1062912K
  class space    used 1731K, capacity 1883K, committed 1920K, reserved 1048576K
Event: 5.360 GC heap after
Heap after GC invocations=7 (full 0):
 PSYoungGen      total 134656K, used 3328K [0x00000000d7f80000, 0x00000000e8680000, 0x0000000100000000)
  eden space 124928K, 0% used [0x00000000d7f80000,0x00000000d7f80000,0x00000000df980000)
  from space 9728K, 34% used [0x00000000df980000,0x00000000dfcc0000,0x00000000e0300000)
  to   space 9728K, 0% used [0x00000000e7d00000,0x00000000e7d00000,0x00000000e8680000)
 ParOldGen       total 83456K, used 12795K [0x0000000087e00000, 0x000000008cf80000, 0x00000000d7f80000)
  object space 83456K, 15% used [0x0000000087e00000,0x0000000088a7ec78,0x000000008cf80000)
 Metaspace       used 14879K, capacity 15424K, committed 15744K, reserved 1062912K
  class space    used 1731K, capacity 1883K, committed 1920K, reserved 1048576K
}
Event: 6.041 GC heap before
{Heap before GC invocations=8 (full 0):
 PSYoungGen      total 134656K, used 128256K [0x00000000d7f80000, 0x00000000e8680000, 0x0000000100000000)
  eden space 124928K, 100% used [0x00000000d7f80000,0x00000000df980000,0x00000000df980000)
  from space 9728K, 34% used [0x00000000df980000,0x00000000dfcc0000,0x00000000e0300000)
  to   space 9728K, 0% used [0x00000000e7d00000,0x00000000e7d00000,0x00000000e8680000)
 ParOldGen       total 83456K, used 12795K [0x0000000087e00000, 0x000000008cf80000, 0x00000000d7f80000)
  object space 83456K, 15% used [0x0000000087e00000,0x0000000088a7ec78,0x000000008cf80000)
 Metaspace       used 14879K, capacity 15424K, committed 15744K, reserved 1062912K
  class space    used 1731K, capacity 1883K, committed 1920K, reserved 1048576K
Event: 6.050 GC heap after
Heap after GC invocations=8 (full 0):
 PSYoungGen      total 259584K, used 4960K [0x00000000d7f80000, 0x00000000e8680000, 0x0000000100000000)
  eden space 249856K, 0% used [0x00000000d7f80000,0x00000000d7f80000,0x00000000e7380000)
  from space 9728K, 50% used [0x00000000e7d00000,0x00000000e81d8000,0x00000000e8680000)
  to   space 9728K, 0% used [0x00000000e7380000,0x00000000e7380000,0x00000000e7d00000)
 ParOldGen       total 83456K, used 12819K [0x0000000087e00000, 0x000000008cf80000, 0x00000000d7f80000)
  object space 83456K, 15% used [0x0000000087e00000,0x0000000088a84c78,0x000000008cf80000)
 Metaspace       used 14879K, capacity 15424K, committed 15744K, reserved 1062912K
  class space    used 1731K, capacity 1883K, committed 1920K, reserved 1048576K
}
Event: 7.925 GC heap before
{Heap before GC invocations=9 (full 0):
 PSYoungGen      total 259584K, used 254816K [0x00000000d7f80000, 0x00000000e8680000, 0x0000000100000000)
  eden space 249856K, 100% used [0x00000000d7f80000,0x00000000e7380000,0x00000000e7380000)
  from space 9728K, 50% used [0x00000000e7d00000,0x00000000e81d8000,0x00000000e8680000)
  to   space 9728K, 0% used [0x00000000e7380000,0x00000000e7380000,0x00000000e7d00000)
 ParOldGen       total 83456K, used 12819K [0x0000000087e00000, 0x000000008cf80000, 0x00000000d7f80000)
  object space 83456K, 15% used [0x0000000087e00000,0x0000000088a84c78,0x000000008cf80000)
 Metaspace       used 14879K, capacity 15424K, committed 15744K, reserved 1062912K
  class space    used 1731K, capacity 1883K, committed 1920K, reserved 1048576K

