# JRE version: OpenJDK Runtime Environment (8.0_121-b13) (build 1.8.0_121-8u121-b13-0ubuntu1.16.04.2-b13)
# Java VM: OpenJDK 64-Bit Server VM (25.121-b13 mixed mode linux-amd64 compressed oops)
Heap:
 PSYoungGen      total 92672K, used 5105K [0x00000000d7f80000, 0x00000000e0380000, 0x0000000100000000)
  eden space 87552K, 0% used [0x00000000d7f80000,0x00000000d7f80000,0x00000000dd500000)
  from space 5120K, 99% used [0x00000000df980000,0x00000000dfe7c510,0x00000000dfe80000)
  to   space 5120K, 0% used [0x00000000dfe80000,0x00000000dfe80000,0x00000000e0380000)
 ParOldGen       total 324608K, used 227255K [0x0000000087e00000, 0x000000009bb00000, 0x00000000d7f80000)
  object space 324608K, 70% used [0x0000000087e00000,0x0000000095bedef8,0x000000009bb00000)
 Metaspace       used 14120K, capacity 14470K, committed 14592K, reserved 1062912K
  class space    used 1616K, capacity 1747K, committed 1792K, reserved 1048576K
GC Heap History (10 events):
Event: 1.514 GC heap after
Heap after GC invocations=2 (full 0):
 PSYoungGen      total 67584K, used 5106K [0x00000000d7f80000, 0x00000000dc680000, 0x0000000100000000)
  eden space 62464K, 0% used [0x00000000d7f80000,0x00000000d7f80000,0x00000000dbc80000)
  from space 5120K, 99% used [0x00000000dc180000,0x00000000dc67c988,0x00000000dc680000)
  to   space 5120K, 0% used [0x00000000dbc80000,0x00000000dbc80000,0x00000000dc180000)
 ParOldGen       total 83456K, used 27919K [0x0000000087e00000, 0x000000008cf80000, 0x00000000d7f80000)
  object space 83456K, 33% used [0x0000000087e00000,0x0000000089943da0,0x000000008cf80000)
 Metaspace       used 14116K, capacity 14470K, committed 14592K, reserved 1062912K
  class space    used 1616K, capacity 1747K, committed 1792K, reserved 1048576K
}
Event: 1.794 GC heap before
{Heap before GC invocations=3 (full 0):
 PSYoungGen      total 67584K, used 67570K [0x00000000d7f80000, 0x00000000dc680000, 0x0000000100000000)
  eden space 62464K, 100% used [0x00000000d7f80000,0x00000000dbc80000,0x00000000dbc80000)
  from space 5120K, 99% used [0x00000000dc180000,0x00000000dc67c988,0x00000000dc680000)
  to   space 5120K, 0% used [0x00000000dbc80000,0x00000000dbc80000,0x00000000dc180000)
 ParOldGen       total 83456K, used 27919K [0x0000000087e00000, 0x000000008cf80000, 0x00000000d7f80000)
  object space 83456K, 33% used [0x0000000087e00000,0x0000000089943da0,0x000000008cf80000)
 Metaspace       used 14117K, capacity 14470K, committed 14592K, reserved 1062912K
  class space    used 1616K, capacity 1747K, committed 1792K, reserved 1048576K
Event: 1.875 GC heap after
Heap after GC invocations=3 (full 0):
 PSYoungGen      total 67584K, used 5097K [0x00000000d7f80000, 0x00000000e0380000, 0x0000000100000000)
  eden space 62464K, 0% used [0x00000000d7f80000,0x00000000d7f80000,0x00000000dbc80000)
  from space 5120K, 99% used [0x00000000dbc80000,0x00000000dc17a548,0x00000000dc180000)
  to   space 5120K, 0% used [0x00000000dfe80000,0x00000000dfe80000,0x00000000e0380000)
 ParOldGen       total 87552K, used 87407K [0x0000000087e00000, 0x000000008d380000, 0x00000000d7f80000)
  object space 87552K, 99% used [0x0000000087e00000,0x000000008d35bda0,0x000000008d380000)
 Metaspace       used 14117K, capacity 14470K, committed 14592K, reserved 1062912K
  class space    used 1616K, capacity 1747K, committed 1792K, reserved 1048576K
}
Event: 1.876 GC heap before
{Heap before GC invocations=4 (full 1):
 PSYoungGen      total 67584K, used 5097K [0x00000000d7f80000, 0x00000000e0380000, 0x0000000100000000)
  eden space 62464K, 0% used [0x00000000d7f80000,0x00000000d7f80000,0x00000000dbc80000)
  from space 5120K, 99% used [0x00000000dbc80000,0x00000000dc17a548,0x00000000dc180000)
  to   space 5120K, 0% used [0x00000000dfe80000,0x00000000dfe80000,0x00000000e0380000)
 ParOldGen       total 87552K, used 87407K [0x0000000087e00000, 0x000000008d380000, 0x00000000d7f80000)
  object space 87552K, 99% used [0x0000000087e00000,0x000000008d35bda0,0x000000008d380000)
 Metaspace       used 14117K, capacity 14470K, committed 14592K, reserved 1062912K
  class space    used 1616K, capacity 1747K, committed 1792K, reserved 1048576K
Event: 2.334 GC heap after
Heap after GC invocations=4 (full 1):
 PSYoungGen      total 67584K, used 2533K [0x00000000d7f80000, 0x00000000e0380000, 0x0000000100000000)
  eden space 62464K, 0% used [0x00000000d7f80000,0x00000000d7f80000,0x00000000dbc80000)
  from space 5120K, 49% used [0x00000000dbc80000,0x00000000dbef9580,0x00000000dc180000)
  to   space 5120K, 0% used [0x00000000dfe80000,0x00000000dfe80000,0x00000000e0380000)
 ParOldGen       total 209920K, used 87351K [0x0000000087e00000, 0x0000000094b00000, 0x00000000d7f80000)
  object space 209920K, 41% used [0x0000000087e00000,0x000000008d34ddc0,0x0000000094b00000)
 Metaspace       used 14117K, capacity 14470K, committed 14592K, reserved 1062912K
  class space    used 1616K, capacity 1747K, committed 1792K, reserved 1048576K
}
Event: 2.433 GC heap before
{Heap before GC invocations=5 (full 1):
 PSYoungGen      total 67584K, used 64997K [0x00000000d7f80000, 0x00000000e0380000, 0x0000000100000000)
  eden space 62464K, 100% used [0x00000000d7f80000,0x00000000dbc80000,0x00000000dbc80000)
  from space 5120K, 49% used [0x00000000dbc80000,0x00000000dbef9580,0x00000000dc180000)
  to   space 5120K, 0% used [0x00000000dfe80000,0x00000000dfe80000,0x00000000e0380000)
 ParOldGen       total 209920K, used 87351K [0x0000000087e00000, 0x0000000094b00000, 0x00000000d7f80000)
  object space 209920K, 41% used [0x0000000087e00000,0x000000008d34ddc0,0x0000000094b00000)
 Metaspace       used 14118K, capacity 14470K, committed 14592K, reserved 1062912K
  class space    used 1616K, capacity 1747K, committed 1792K, reserved 1048576K
Event: 2.555 GC heap after
Heap after GC invocations=5 (full 1):
 PSYoungGen      total 92672K, used 5088K [0x00000000d7f80000, 0x00000000e0380000, 0x0000000100000000)
  eden space 87552K, 0% used [0x00000000d7f80000,0x00000000d7f80000,0x00000000dd500000)
  from space 5120K, 99% used [0x00000000dfe80000,0x00000000e0378360,0x00000000e0380000)
  to   space 5120K, 0% used [0x00000000df980000,0x00000000df980000,0x00000000dfe80000)
 ParOldGen       total 209920K, used 144191K [0x0000000087e00000, 0x0000000094b00000, 0x00000000d7f80000)
  object space 209920K, 68% used [0x0000000087e00000,0x0000000090acfdc0,0x0000000094b00000)
 Metaspace       used 14118K, capacity 14470K, committed 14592K, reserved 1062912K
  class space    used 1616K, capacity 1747K, committed 1792K, reserved 1048576K
}
Event: 2.555 GC heap before
{Heap before GC invocations=6 (full 2):
 PSYoungGen      total 92672K, used 5088K [0x00000000d7f80000, 0x00000000e0380000, 0x0000000100000000)
  eden space 87552K, 0% used [0x00000000d7f80000,0x00000000d7f80000,0x00000000dd500000)
  from space 5120K, 99% used [0x00000000dfe80000,0x00000000e0378360,0x00000000e0380000)
  to   space 5120K, 0% used [0x00000000df980000,0x00000000df980000,0x00000000dfe80000)
 ParOldGen       total 209920K, used 144191K [0x0000000087e00000, 0x0000000094b00000, 0x00000000d7f80000)
  object space 209920K, 68% used [0x0000000087e00000,0x0000000090acfdc0,0x0000000094b00000)
 Metaspace       used 14118K, capacity 14470K, committed 14592K, reserved 1062912K
  class space    used 1616K, capacity 1747K, committed 1792K, reserved 1048576K
Event: 3.385 GC heap after
Heap after GC invocations=6 (full 2):
 PSYoungGen      total 92672K, used 0K [0x00000000d7f80000, 0x00000000e0380000, 0x0000000100000000)
  eden space 87552K, 0% used [0x00000000d7f80000,0x00000000d7f80000,0x00000000dd500000)
  from space 5120K, 0% used [0x00000000dfe80000,0x00000000dfe80000,0x00000000e0380000)
  to   space 5120K, 0% used [0x00000000df980000,0x00000000df980000,0x00000000dfe80000)
 ParOldGen       total 324608K, used 148831K [0x0000000087e00000, 0x000000009bb00000, 0x00000000d7f80000)
  object space 324608K, 45% used [0x0000000087e00000,0x0000000090f57ef8,0x000000009bb00000)
 Metaspace       used 14118K, capacity 14470K, committed 14592K, reserved 1062912K
  class space    used 1616K, capacity 1747K, committed 1792K, reserved 1048576K
}
Event: 3.576 GC heap before
{Heap before GC invocations=7 (full 2):
 PSYoungGen      total 92672K, used 87552K [0x00000000d7f80000, 0x00000000e0380000, 0x0000000100000000)
  eden space 87552K, 100% used [0x00000000d7f80000,0x00000000dd500000,0x00000000dd500000)
  from space 5120K, 0% used [0x00000000dfe80000,0x00000000dfe80000,0x00000000e0380000)
  to   space 5120K, 0% used [0x00000000df980000,0x00000000df980000,0x00000000dfe80000)
 ParOldGen       total 324608K, used 148831K [0x0000000087e00000, 0x000000009bb00000, 0x00000000d7f80000)
  object space 324608K, 45% used [0x0000000087e00000,0x0000000090f57ef8,0x000000009bb00000)
 Metaspace       used 14120K, capacity 14470K, committed 14592K, reserved 1062912K
  class space    used 1616K, capacity 1747K, committed 1792K, reserved 1048576K

