# JRE version: OpenJDK Runtime Environment (8.0_121-b13) (build 1.8.0_121-8u121-b13-0ubuntu1.16.04.2-b13)
# Java VM: OpenJDK 64-Bit Server VM (25.121-b13 mixed mode linux-amd64 compressed oops)
Heap:
 PSYoungGen      total 89600K, used 5105K [0x00000000d7f80000, 0x00000000e0380000, 0x0000000100000000)
  eden space 84480K, 0% used [0x00000000d7f80000,0x00000000d7f80000,0x00000000dd200000)
  from space 5120K, 99% used [0x00000000df980000,0x00000000dfe7c510,0x00000000dfe80000)
  to   space 5120K, 0% used [0x00000000dfe80000,0x00000000dfe80000,0x00000000e0380000)
 ParOldGen       total 325120K, used 224013K [0x0000000087e00000, 0x000000009bb80000, 0x00000000d7f80000)
  object space 325120K, 68% used [0x0000000087e00000,0x00000000958c34f8,0x000000009bb80000)
 Metaspace       used 14131K, capacity 14530K, committed 14592K, reserved 1062912K
  class space    used 1615K, capacity 1747K, committed 1792K, reserved 1048576K
GC Heap History (10 events):
Event: 1.115 GC heap after
Heap after GC invocations=2 (full 0):
 PSYoungGen      total 67584K, used 5106K [0x00000000d7f80000, 0x00000000dc680000, 0x0000000100000000)
  eden space 62464K, 0% used [0x00000000d7f80000,0x00000000d7f80000,0x00000000dbc80000)
  from space 5120K, 99% used [0x00000000dc180000,0x00000000dc67c9a8,0x00000000dc680000)
  to   space 5120K, 0% used [0x00000000dbc80000,0x00000000dbc80000,0x00000000dc180000)
 ParOldGen       total 83456K, used 27659K [0x0000000087e00000, 0x000000008cf80000, 0x00000000d7f80000)
  object space 83456K, 33% used [0x0000000087e00000,0x0000000089902da0,0x000000008cf80000)
 Metaspace       used 14127K, capacity 14530K, committed 14592K, reserved 1062912K
  class space    used 1615K, capacity 1747K, committed 1792K, reserved 1048576K
}
Event: 1.325 GC heap before
{Heap before GC invocations=3 (full 0):
 PSYoungGen      total 67584K, used 67570K [0x00000000d7f80000, 0x00000000dc680000, 0x0000000100000000)
  eden space 62464K, 100% used [0x00000000d7f80000,0x00000000dbc80000,0x00000000dbc80000)
  from space 5120K, 99% used [0x00000000dc180000,0x00000000dc67c9a8,0x00000000dc680000)
  to   space 5120K, 0% used [0x00000000dbc80000,0x00000000dbc80000,0x00000000dc180000)
 ParOldGen       total 83456K, used 27659K [0x0000000087e00000, 0x000000008cf80000, 0x00000000d7f80000)
  object space 83456K, 33% used [0x0000000087e00000,0x0000000089902da0,0x000000008cf80000)
 Metaspace       used 14129K, capacity 14530K, committed 14592K, reserved 1062912K
  class space    used 1615K, capacity 1747K, committed 1792K, reserved 1048576K
Event: 1.405 GC heap after
Heap after GC invocations=3 (full 0):
 PSYoungGen      total 67584K, used 5113K [0x00000000d7f80000, 0x00000000e0380000, 0x0000000100000000)
  eden space 62464K, 0% used [0x00000000d7f80000,0x00000000d7f80000,0x00000000dbc80000)
  from space 5120K, 99% used [0x00000000dbc80000,0x00000000dc17e558,0x00000000dc180000)
  to   space 5120K, 0% used [0x00000000dfe80000,0x00000000dfe80000,0x00000000e0380000)
 ParOldGen       total 88064K, used 87143K [0x0000000087e00000, 0x000000008d400000, 0x00000000d7f80000)
  object space 88064K, 98% used [0x0000000087e00000,0x000000008d319df0,0x000000008d400000)
 Metaspace       used 14129K, capacity 14530K, committed 14592K, reserved 1062912K
  class space    used 1615K, capacity 1747K, committed 1792K, reserved 1048576K
}
Event: 1.405 GC heap before
{Heap before GC invocations=4 (full 1):
 PSYoungGen      total 67584K, used 5113K [0x00000000d7f80000, 0x00000000e0380000, 0x0000000100000000)
  eden space 62464K, 0% used [0x00000000d7f80000,0x00000000d7f80000,0x00000000dbc80000)
  from space 5120K, 99% used [0x00000000dbc80000,0x00000000dc17e558,0x00000000dc180000)
  to   space 5120K, 0% used [0x00000000dfe80000,0x00000000dfe80000,0x00000000e0380000)
 ParOldGen       total 88064K, used 87143K [0x0000000087e00000, 0x000000008d400000, 0x00000000d7f80000)
  object space 88064K, 98% used [0x0000000087e00000,0x000000008d319df0,0x000000008d400000)
 Metaspace       used 14129K, capacity 14530K, committed 14592K, reserved 1062912K
  class space    used 1615K, capacity 1747K, committed 1792K, reserved 1048576K
Event: 1.866 GC heap after
Heap after GC invocations=4 (full 1):
 PSYoungGen      total 67584K, used 1527K [0x00000000d7f80000, 0x00000000e0380000, 0x0000000100000000)
  eden space 62464K, 0% used [0x00000000d7f80000,0x00000000d7f80000,0x00000000dbc80000)
  from space 5120K, 29% used [0x00000000dbc80000,0x00000000dbdfdef0,0x00000000dc180000)
  to   space 5120K, 0% used [0x00000000dfe80000,0x00000000dfe80000,0x00000000e0380000)
 ParOldGen       total 211456K, used 88035K [0x0000000087e00000, 0x0000000094c80000, 0x00000000d7f80000)
  object space 211456K, 41% used [0x0000000087e00000,0x000000008d3f8fd8,0x0000000094c80000)
 Metaspace       used 14129K, capacity 14530K, committed 14592K, reserved 1062912K
  class space    used 1615K, capacity 1747K, committed 1792K, reserved 1048576K
}
Event: 2.015 GC heap before
{Heap before GC invocations=5 (full 1):
 PSYoungGen      total 67584K, used 63991K [0x00000000d7f80000, 0x00000000e0380000, 0x0000000100000000)
  eden space 62464K, 100% used [0x00000000d7f80000,0x00000000dbc80000,0x00000000dbc80000)
  from space 5120K, 29% used [0x00000000dbc80000,0x00000000dbdfdef0,0x00000000dc180000)
  to   space 5120K, 0% used [0x00000000dfe80000,0x00000000dfe80000,0x00000000e0380000)
 ParOldGen       total 211456K, used 88035K [0x0000000087e00000, 0x0000000094c80000, 0x00000000d7f80000)
  object space 211456K, 41% used [0x0000000087e00000,0x000000008d3f8fd8,0x0000000094c80000)
 Metaspace       used 14129K, capacity 14530K, committed 14592K, reserved 1062912K
  class space    used 1615K, capacity 1747K, committed 1792K, reserved 1048576K
Event: 2.117 GC heap after
Heap after GC invocations=5 (full 1):
 PSYoungGen      total 89600K, used 5088K [0x00000000d7f80000, 0x00000000e0380000, 0x0000000100000000)
  eden space 84480K, 0% used [0x00000000d7f80000,0x00000000d7f80000,0x00000000dd200000)
  from space 5120K, 99% used [0x00000000dfe80000,0x00000000e0378360,0x00000000e0380000)
  to   space 5120K, 0% used [0x00000000df980000,0x00000000df980000,0x00000000dfe80000)
 ParOldGen       total 211456K, used 143867K [0x0000000087e00000, 0x0000000094c80000, 0x00000000d7f80000)
  object space 211456K, 68% used [0x0000000087e00000,0x0000000090a7efd8,0x0000000094c80000)
 Metaspace       used 14129K, capacity 14530K, committed 14592K, reserved 1062912K
  class space    used 1615K, capacity 1747K, committed 1792K, reserved 1048576K
}
Event: 2.117 GC heap before
{Heap before GC invocations=6 (full 2):
 PSYoungGen      total 89600K, used 5088K [0x00000000d7f80000, 0x00000000e0380000, 0x0000000100000000)
  eden space 84480K, 0% used [0x00000000d7f80000,0x00000000d7f80000,0x00000000dd200000)
  from space 5120K, 99% used [0x00000000dfe80000,0x00000000e0378360,0x00000000e0380000)
  to   space 5120K, 0% used [0x00000000df980000,0x00000000df980000,0x00000000dfe80000)
 ParOldGen       total 211456K, used 143867K [0x0000000087e00000, 0x0000000094c80000, 0x00000000d7f80000)
  object space 211456K, 68% used [0x0000000087e00000,0x0000000090a7efd8,0x0000000094c80000)
 Metaspace       used 14129K, capacity 14530K, committed 14592K, reserved 1062912K
  class space    used 1615K, capacity 1747K, committed 1792K, reserved 1048576K
Event: 2.895 GC heap after
Heap after GC invocations=6 (full 2):
 PSYoungGen      total 89600K, used 0K [0x00000000d7f80000, 0x00000000e0380000, 0x0000000100000000)
  eden space 84480K, 0% used [0x00000000d7f80000,0x00000000d7f80000,0x00000000dd200000)
  from space 5120K, 0% used [0x00000000dfe80000,0x00000000dfe80000,0x00000000e0380000)
  to   space 5120K, 0% used [0x00000000df980000,0x00000000df980000,0x00000000dfe80000)
 ParOldGen       total 325120K, used 148517K [0x0000000087e00000, 0x000000009bb80000, 0x00000000d7f80000)
  object space 325120K, 45% used [0x0000000087e00000,0x0000000090f094f8,0x000000009bb80000)
 Metaspace       used 14129K, capacity 14530K, committed 14592K, reserved 1062912K
  class space    used 1615K, capacity 1747K, committed 1792K, reserved 1048576K
}
Event: 3.058 GC heap before
{Heap before GC invocations=7 (full 2):
 PSYoungGen      total 89600K, used 84480K [0x00000000d7f80000, 0x00000000e0380000, 0x0000000100000000)
  eden space 84480K, 100% used [0x00000000d7f80000,0x00000000dd200000,0x00000000dd200000)
  from space 5120K, 0% used [0x00000000dfe80000,0x00000000dfe80000,0x00000000e0380000)
  to   space 5120K, 0% used [0x00000000df980000,0x00000000df980000,0x00000000dfe80000)
 ParOldGen       total 325120K, used 148517K [0x0000000087e00000, 0x000000009bb80000, 0x00000000d7f80000)
  object space 325120K, 45% used [0x0000000087e00000,0x0000000090f094f8,0x000000009bb80000)
 Metaspace       used 14131K, capacity 14530K, committed 14592K, reserved 1062912K
  class space    used 1615K, capacity 1747K, committed 1792K, reserved 1048576K

